<?xml version="1.0" encoding="UTF-8" ?>
<testsuite tests="7" failures="0" name="com.demo.AppDemo.BankAccountTest" time="0.006" errors="0" skipped="0">
  <properties>
    <property name="java.runtime.name" value="Java(TM) SE Runtime Environment"/>
    <property name="java.vm.version" value="17.0.12+8-LTS-286"/>
    <property name="sun.boot.library.path" value="C:\Program Files\Java\jdk-17\bin"/>
    <property name="maven.multiModuleProjectDirectory" value="D:\Workwithscm\workspace\AppDemo"/>
    <property name="java.vm.vendor" value="Oracle Corporation"/>
    <property name="java.vendor.url" value="https://java.oracle.com/"/>
    <property name="guice.disable.misplaced.annotation.check" value="true"/>
    <property name="path.separator" value=";"/>
    <property name="java.vm.name" value="Java HotSpot(TM) 64-Bit Server VM"/>
    <property name="sun.os.patch.level" value=""/>
    <property name="user.script" value=""/>
    <property name="user.country" value="IN"/>
    <property name="sun.java.launcher" value="SUN_STANDARD"/>
    <property name="java.vm.specification.name" value="Java Virtual Machine Specification"/>
    <property name="user.dir" value="D:\Workwithscm\workspace\AppDemo"/>
    <property name="java.vm.compressedOopsMode" value="Zero based"/>
    <property name="java.runtime.version" value="17.0.12+8-LTS-286"/>
    <property name="os.arch" value="amd64"/>
    <property name="java.io.tmpdir" value="C:\Windows\TEMP\"/>
    <property name="line.separator" value="
"/>
    <property name="java.vm.specification.vendor" value="Oracle Corporation"/>
    <property name="user.variant" value=""/>
    <property name="os.name" value="Windows 10"/>
    <property name="classworlds.conf" value="D:\apache-maven-3.8.1\bin\..\bin\m2.conf"/>
    <property name="sun.jnu.encoding" value="Cp1252"/>
    <property name="java.library.path" value="C:\Program Files\Java\jdk-17\bin;C:\Windows\Sun\Java\bin;C:\Windows\system32;C:\Windows;D:\apache-maven-3.8.1/bin;D:\apache-maven-3.8.1/bin;C:\Program Files\Java\jdk-17\bin;C:\Program Files\Common Files\Oracle\Java\javapath;C:\Program Files (x86)\Common Files\Oracle\Java\java8path;C:\Program Files (x86)\Common Files\Oracle\Java\javapath;D:\Java\jdk1.8.0_281\bin;C:\oraclexe\app\oracle\product\11.2.0\server\bin;D:\apache-maven-3.8.1\bin;C:\Windows\system32;C:\Windows;C:\Windows\System32\Wbem;C:\Windows\System32\WindowsPowerShell\v1.0\;C:\Windows\System32\OpenSSH\;D:\sonarqube-8.9.10.61524\bin;D:\sonar-scanner-5.0.1.3006-windows\bin;C:\Program Files\PostgreSQL\14\bin;C:\Program Files\dotnet\;D:\Terraform;D:\mongosh-2.2.10-win32-x64\bin;C:\sonar-scanner-cli-6.1.0.4477-windows-x64\sonar-scanner-6.1.0.4477-windows-x64\bin;D:\Minikube;C:\ProgramData\chocolatey\bin;D:\istio-1.23.0\bin;C:\Program Files\nodejs\;C:\Program Files\Git\cmd;C:\Program Files\PuTTY\;D:\mongodb-database-tools-windows-x86_64-100.11.0\bin;C:\Program Files\Docker\Docker\resources\bin;C:\Windows\system32\config\systemprofile\AppData\Local\Microsoft\WindowsApps;C:\Windows\system32\config\systemprofile\AppData\Roaming\npm;."/>
    <property name="maven.conf" value="D:\apache-maven-3.8.1\bin\../conf"/>
    <property name="jdk.debug" value="release"/>
    <property name="java.class.version" value="61.0"/>
    <property name="java.specification.name" value="Java Platform API Specification"/>
    <property name="sun.management.compiler" value="HotSpot 64-Bit Tiered Compilers"/>
    <property name="os.version" value="10.0"/>
    <property name="library.jansi.path" value="D:\apache-maven-3.8.1\bin\..\lib\jansi-native"/>
    <property name="user.home" value="C:\Windows\system32\config\systemprofile"/>
    <property name="user.timezone" value="Asia/Calcutta"/>
    <property name="file.encoding" value="Cp1252"/>
    <property name="java.specification.version" value="17"/>
    <property name="user.name" value="UBL-LC-JAGADI$"/>
    <property name="java.class.path" value="D:\apache-maven-3.8.1\bin\..\boot\plexus-classworlds-2.6.0.jar"/>
    <property name="java.vm.specification.version" value="17"/>
    <property name="sun.arch.data.model" value="64"/>
    <property name="sun.java.command" value="org.codehaus.plexus.classworlds.launcher.Launcher clean verify"/>
    <property name="java.home" value="C:\Program Files\Java\jdk-17"/>
    <property name="user.language" value="en"/>
    <property name="java.specification.vendor" value="Oracle Corporation"/>
    <property name="java.vm.info" value="mixed mode, sharing"/>
    <property name="java.version" value="17.0.12"/>
    <property name="native.encoding" value="Cp1252"/>
    <property name="java.vendor" value="Oracle Corporation"/>
    <property name="maven.home" value="D:\apache-maven-3.8.1\bin\.."/>
    <property name="file.separator" value="\"/>
    <property name="java.version.date" value="2024-07-16"/>
    <property name="java.vendor.url.bug" value="https://bugreport.java.com/bugreport/"/>
    <property name="sun.io.unicode.encoding" value="UnicodeLittle"/>
    <property name="sun.cpu.endian" value="little"/>
    <property name="sun.cpu.isalist" value="amd64"/>
  </properties>
  <testcase classname="com.demo.AppDemo.BankAccountTest" name="testNegativeInitialBalance" time="0.004"/>
  <testcase classname="com.demo.AppDemo.BankAccountTest" name="testAccountCreation" time="0.001"/>
  <testcase classname="com.demo.AppDemo.BankAccountTest" name="testWithdrawInsufficientBalance" time="0.001"/>
  <testcase classname="com.demo.AppDemo.BankAccountTest" name="testWithdraw" time="0"/>
  <testcase classname="com.demo.AppDemo.BankAccountTest" name="testDepositNegativeAmount" time="0"/>
  <testcase classname="com.demo.AppDemo.BankAccountTest" name="testDeposit" time="0"/>
  <testcase classname="com.demo.AppDemo.BankAccountTest" name="testWithdrawNegativeAmount" time="0"/>
</testsuite>